2025-10-08 20:31:20,236 — INFO — Scheduler started... press CTRL+C to stop.
2025-10-08 20:32:21,013 — INFO — No due posts found.
2025-10-08 20:33:21,645 — INFO — No due posts found.
2025-10-08 20:34:22,460 — INFO — No due posts found.
2025-10-08 20:35:22,919 — INFO — No due posts found.
2025-10-08 20:36:24,284 — INFO — Authenticated as: son_of_de_soil
2025-10-08 20:36:24,860 — INFO — Tweet successfully posted for post 5: Response(data={'edit_history_tweet_ids': ['1976008797727461450'], 'id': '1976008797727461450', 'text': '"Just because the journey is tough doesn’t mean you aren’t making progress. Every step counts! Keep pushing forward and trust the process. \U0001f680\u2728 #MotivationMonday #KeepGoing #ProgressNotPerfection"'}, includes={}, errors=[], meta={})
2025-10-08 20:37:25,584 — INFO — No due posts found.
2025-10-08 20:38:26,048 — INFO — No due posts found.
2025-10-08 20:39:26,520 — INFO — No due posts found.
2025-10-08 20:40:28,787 — INFO — Authenticated as: son_of_de_soil
2025-10-08 20:40:29,299 — INFO — Tweet successfully posted for post 7: Response(data={'text': "\U0001f31f Just a friendly reminder: You are capable of amazing things! Embrace every challenge, chase your dreams, and spread kindness wherever you go. Let's make today count! \U0001f4aa\u2728 #MotivationMonday #Inspire #BelieveInYourself", 'edit_history_tweet_ids': ['1976009823037596106'], 'id': '1976009823037596106'}, includes={}, errors=[], meta={})
2025-10-08 20:41:30,035 — INFO — No due posts found.
2025-10-08 20:42:30,582 — INFO — No due posts found.
2025-10-08 20:43:31,065 — INFO — No due posts found.
2025-10-08 20:44:31,478 — INFO — No due posts found.
2025-10-08 20:45:31,948 — INFO — No due posts found.
2025-10-08 20:46:32,505 — INFO — No due posts found.
2025-10-08 20:47:32,935 — INFO — No due posts found.
2025-10-08 20:48:33,462 — INFO — No due posts found.
2025-10-08 20:49:33,908 — INFO — No due posts found.
2025-10-08 20:50:35,360 — INFO — Authenticated as: son_of_de_soil
2025-10-08 20:50:35,814 — INFO — Tweet successfully posted for post 6: Response(data={'text': '\U0001f31f Embrace the magic of the moment! Life is a collection of small adventures, so pause, breathe, and soak it all in. What joy will you discover today? \u2728 #Mindfulness #LifeMoments #JoyInTheJourney', 'edit_history_tweet_ids': ['1976012367226913245'], 'id': '1976012367226913245'}, includes={}, errors=[], meta={})
2025-10-08 20:51:36,631 — INFO — No due posts found.
2025-10-08 20:52:37,188 — INFO — No due posts found.
2025-10-08 20:53:37,750 — INFO — No due posts found.
2025-10-08 20:54:38,183 — INFO — No due posts found.
2025-10-08 20:55:38,735 — INFO — No due posts found.
2025-10-08 20:56:39,213 — INFO — No due posts found.
2025-10-08 20:57:39,658 — INFO — No due posts found.
2025-10-08 20:58:40,167 — INFO — No due posts found.
